TN:
SF:src\components\Button\index.tsx
FN:10,(anonymous_0)
FNF:1
FNH:0
FNDA:0,(anonymous_0)
DA:10,0
DA:11,0
LF:2
LH:0
BRF:0
BRH:0
end_of_record
TN:
SF:src\components\Input\index.tsx
FN:28,(anonymous_0)
FN:41,(anonymous_1)
FN:45,(anonymous_2)
FN:51,(anonymous_3)
FN:52,(anonymous_4)
FN:58,(anonymous_5)
FN:65,(anonymous_6)
FN:72,(anonymous_7)
FN:92,(anonymous_8)
FNF:9
FNH:0
FNDA:0,(anonymous_0)
FNDA:0,(anonymous_1)
FNDA:0,(anonymous_2)
FNDA:0,(anonymous_3)
FNDA:0,(anonymous_4)
FNDA:0,(anonymous_5)
FNDA:0,(anonymous_6)
FNDA:0,(anonymous_7)
FNDA:0,(anonymous_8)
DA:28,0
DA:32,0
DA:34,0
DA:36,0
DA:38,0
DA:39,0
DA:41,0
DA:42,0
DA:45,0
DA:46,0
DA:48,0
DA:51,0
DA:53,0
DA:58,0
DA:59,0
DA:67,0
DA:69,0
DA:73,0
DA:74,0
DA:78,0
DA:93,0
LF:21
LH:0
BRDA:29,0,0,0
BRDA:34,1,0,0
BRDA:83,2,0,0
BRDA:83,2,1,0
BRDA:83,3,0,0
BRDA:83,3,1,0
BRF:6
BRH:0
end_of_record
TN:
SF:src\hooks\auth.tsx
FN:39,(anonymous_0)
FN:43,(anonymous_1)
FN:44,loadStoragedData
FN:59,(anonymous_3)
FN:74,(anonymous_4)
FN:82,(anonymous_5)
FN:100,useAuth
FNF:7
FNH:0
FNDA:0,(anonymous_0)
FNDA:0,(anonymous_1)
FNDA:0,loadStoragedData
FNDA:0,(anonymous_3)
FNDA:0,(anonymous_4)
FNDA:0,(anonymous_5)
FNDA:0,useAuth
DA:37,0
DA:39,0
DA:40,0
DA:41,0
DA:43,0
DA:45,0
DA:49,0
DA:50,0
DA:51,0
DA:53,0
DA:56,0
DA:59,0
DA:60,0
DA:62,0
DA:64,0
DA:69,0
DA:71,0
DA:74,0
DA:75,0
DA:77,0
DA:81,0
DA:83,0
DA:84,0
DA:92,0
DA:101,0
DA:103,0
DA:104,0
DA:106,0
LF:28
LH:0
BRDA:49,0,0,0
BRDA:49,0,1,0
BRDA:49,1,0,0
BRDA:49,1,1,0
BRDA:103,2,0,0
BRDA:103,2,1,0
BRF:6
BRH:0
end_of_record
TN:
SF:src\pages\AppointmentCreated\index.tsx
FN:23,(anonymous_0)
FN:29,(anonymous_1)
FN:43,(anonymous_2)
FNF:3
FNH:0
FNDA:0,(anonymous_0)
FNDA:0,(anonymous_1)
FNDA:0,(anonymous_2)
DA:23,0
DA:24,0
DA:25,0
DA:27,0
DA:29,0
DA:31,0
DA:43,0
DA:44,0
DA:51,0
LF:9
LH:0
BRF:0
BRH:0
end_of_record
TN:
SF:src\pages\CreateAppointment\index.tsx
FN:52,(anonymous_0)
FN:70,(anonymous_1)
FN:71,(anonymous_2)
FN:78,(anonymous_3)
FN:87,(anonymous_4)
FN:92,(anonymous_5)
FN:97,(anonymous_6)
FN:101,(anonymous_7)
FN:102,(anonymous_8)
FN:108,(anonymous_9)
FN:120,(anonymous_10)
FN:122,(anonymous_11)
FN:123,(anonymous_12)
FN:132,(anonymous_13)
FN:134,(anonymous_14)
FN:135,(anonymous_15)
FN:144,(anonymous_16)
FN:150,(anonymous_17)
FN:189,(anonymous_18)
FN:190,(anonymous_19)
FN:193,(anonymous_20)
FN:230,(anonymous_21)
FN:236,(anonymous_22)
FN:250,(anonymous_23)
FN:256,(anonymous_24)
FNF:25
FNH:0
FNDA:0,(anonymous_0)
FNDA:0,(anonymous_1)
FNDA:0,(anonymous_2)
FNDA:0,(anonymous_3)
FNDA:0,(anonymous_4)
FNDA:0,(anonymous_5)
FNDA:0,(anonymous_6)
FNDA:0,(anonymous_7)
FNDA:0,(anonymous_8)
FNDA:0,(anonymous_9)
FNDA:0,(anonymous_10)
FNDA:0,(anonymous_11)
FNDA:0,(anonymous_12)
FNDA:0,(anonymous_13)
FNDA:0,(anonymous_14)
FNDA:0,(anonymous_15)
FNDA:0,(anonymous_16)
FNDA:0,(anonymous_17)
FNDA:0,(anonymous_18)
FNDA:0,(anonymous_19)
FNDA:0,(anonymous_20)
FNDA:0,(anonymous_21)
FNDA:0,(anonymous_22)
FNDA:0,(anonymous_23)
FNDA:0,(anonymous_24)
DA:52,0
DA:53,0
DA:55,0
DA:56,0
DA:58,0
DA:60,0
DA:61,0
DA:62,0
DA:63,0
DA:64,0
DA:65,0
DA:70,0
DA:71,0
DA:72,0
DA:78,0
DA:79,0
DA:88,0
DA:92,0
DA:93,0
DA:97,0
DA:98,0
DA:101,0
DA:102,0
DA:107,0
DA:109,0
DA:110,0
DA:113,0
DA:114,0
DA:120,0
DA:121,0
DA:122,0
DA:124,0
DA:132,0
DA:133,0
DA:134,0
DA:136,0
DA:144,0
DA:145,0
DA:150,0
DA:151,0
DA:153,0
DA:154,0
DA:155,0
DA:157,0
DA:162,0
DA:164,0
DA:171,0
DA:189,0
DA:191,0
DA:193,0
DA:231,0
DA:236,0
DA:251,0
DA:256,0
LF:54
LH:0
BRDA:109,0,0,0
BRDA:109,0,1,0
BRDA:113,1,0,0
BRDA:113,1,1,0
BRDA:213,2,0,0
BRDA:213,2,1,0
BRDA:215,3,0,0
BRDA:215,3,1,0
BRDA:217,4,0,0
BRDA:217,4,1,0
BRF:10
BRH:0
end_of_record
TN:
SF:src\pages\Dashboard\index.tsx
FN:31,(anonymous_0)
FN:38,(anonymous_1)
FN:39,(anonymous_2)
FN:44,(anonymous_3)
FN:49,(anonymous_4)
FN:73,(anonymous_5)
FN:74,(anonymous_6)
FN:76,(anonymous_7)
FNF:8
FNH:0
FNDA:0,(anonymous_0)
FNDA:0,(anonymous_1)
FNDA:0,(anonymous_2)
FNDA:0,(anonymous_3)
FNDA:0,(anonymous_4)
FNDA:0,(anonymous_5)
FNDA:0,(anonymous_6)
FNDA:0,(anonymous_7)
DA:31,0
DA:32,0
DA:34,0
DA:35,0
DA:38,0
DA:39,0
DA:40,0
DA:44,0
DA:45,0
DA:48,0
DA:50,0
DA:55,0
DA:73,0
DA:75,0
DA:76,0
LF:15
LH:0
BRF:0
BRH:0
end_of_record
TN:
SF:src\pages\Profile\index.tsx
FN:44,(anonymous_0)
FN:55,(anonymous_1)
FN:66,(anonymous_2)
FN:72,(anonymous_3)
FN:126,(anonymous_4)
FN:130,(anonymous_5)
FN:141,(anonymous_6)
FN:158,(anonymous_7)
FN:198,(anonymous_8)
FN:211,(anonymous_9)
FN:224,(anonymous_10)
FN:237,(anonymous_11)
FN:250,(anonymous_12)
FN:256,(anonymous_13)
FNF:14
FNH:0
FNDA:0,(anonymous_0)
FNDA:0,(anonymous_1)
FNDA:0,(anonymous_2)
FNDA:0,(anonymous_3)
FNDA:0,(anonymous_4)
FNDA:0,(anonymous_5)
FNDA:0,(anonymous_6)
FNDA:0,(anonymous_7)
FNDA:0,(anonymous_8)
FNDA:0,(anonymous_9)
FNDA:0,(anonymous_10)
FNDA:0,(anonymous_11)
FNDA:0,(anonymous_12)
FNDA:0,(anonymous_13)
DA:44,0
DA:45,0
DA:46,0
DA:47,0
DA:49,0
DA:50,0
DA:51,0
DA:52,0
DA:54,0
DA:56,0
DA:57,0
DA:59,0
DA:66,0
DA:72,0
DA:80,0
DA:84,0
DA:92,0
DA:94,0
DA:102,0
DA:104,0
DA:106,0
DA:108,0
DA:110,0
DA:111,0
DA:113,0
DA:114,0
DA:117,0
DA:126,0
DA:127,0
DA:130,0
DA:131,0
DA:142,0
DA:143,0
DA:145,0
DA:146,0
DA:147,0
DA:150,0
DA:152,0
DA:158,0
DA:159,0
DA:165,0
DA:199,0
DA:212,0
DA:225,0
DA:238,0
DA:251,0
DA:257,0
LF:47
LH:0
BRDA:97,0,0,0
BRDA:97,0,1,0
BRDA:110,1,0,0
BRDA:110,1,1,0
BRDA:142,2,0,0
BRDA:142,2,1,0
BRDA:145,3,0,0
BRDA:145,3,1,0
BRDA:169,4,0,0
BRDA:169,4,1,0
BRF:10
BRH:0
end_of_record
TN:
SF:src\pages\SignIn\index.tsx
FN:41,(anonymous_0)
FN:49,(anonymous_1)
FN:110,(anonymous_2)
FN:121,(anonymous_3)
FN:126,(anonymous_4)
FN:141,(anonymous_5)
FNF:6
FNH:0
FNDA:0,(anonymous_0)
FNDA:0,(anonymous_1)
FNDA:0,(anonymous_2)
FNDA:0,(anonymous_3)
FNDA:0,(anonymous_4)
FNDA:0,(anonymous_5)
DA:41,0
DA:42,0
DA:43,0
DA:44,0
DA:46,0
DA:48,0
DA:50,0
DA:51,0
DA:53,0
DA:61,0
DA:63,0
DA:68,0
DA:69,0
DA:70,0
DA:72,0
DA:75,0
DA:84,0
DA:111,0
DA:122,0
DA:127,0
DA:141,0
LF:21
LH:0
BRDA:68,0,0,0
BRDA:68,0,1,0
BRDA:88,1,0,0
BRDA:88,1,1,0
BRF:4
BRH:0
end_of_record
TN:
SF:src\pages\SignUp\index.tsx
FN:34,(anonymous_0)
FN:42,(anonymous_1)
FN:104,(anonymous_2)
FN:117,(anonymous_3)
FN:129,(anonymous_4)
FN:135,(anonymous_5)
FN:146,(anonymous_6)
FNF:7
FNH:0
FNDA:0,(anonymous_0)
FNDA:0,(anonymous_1)
FNDA:0,(anonymous_2)
FNDA:0,(anonymous_3)
FNDA:0,(anonymous_4)
FNDA:0,(anonymous_5)
FNDA:0,(anonymous_6)
DA:34,0
DA:35,0
DA:36,0
DA:38,0
DA:39,0
DA:41,0
DA:43,0
DA:44,0
DA:46,0
DA:54,0
DA:56,0
DA:58,0
DA:62,0
DA:64,0
DA:65,0
DA:67,0
DA:68,0
DA:71,0
DA:80,0
DA:105,0
DA:118,0
DA:130,0
DA:136,0
DA:146,0
LF:24
LH:0
BRDA:64,0,0,0
BRDA:64,0,1,0
BRDA:84,1,0,0
BRDA:84,1,1,0
BRF:4
BRH:0
end_of_record
